20210824 10:47:01 INFO: Registration succeeded - Online!
20210824 10:47:17 INFO: Incoming call from  <Sip:17778668026@192.168.1.197:5001>. Caller Id: 100
20210824 10:47:18 INFO: Call state: Answered:Connected
20210824 10:47:18 INFO: Contact id handler started
20210824 10:47:18 INFO: Call state: InCall:Connected
20210824 10:47:21 INFO: Received:Account: 1234 Event: 100 Zone: 000
20210824 10:47:25 INFO: Received:Account: 1234 Event: 606 Zone: 000
20210824 10:47:27 INFO: Contact id handler stopped
20210824 10:47:30 INFO: Sending text to speech: The unit id for the current device is 1234
20210824 10:47:30 INFO: Text To Speach stopped
20210824 10:49:12 INFO: ********* SipCallHandler application starting *********
20210824 10:49:12 INFO: OzekiService starting....
20210824 10:49:14 INFO: Registration succeeded - Online!
20210824 10:49:41 INFO: Incoming call from  <Sip:17778668026@192.168.1.197:5001>. Caller Id: 100
20210824 10:49:41 INFO: Call state: Answered:Connected
20210824 10:49:41 INFO: Contact id handler started
20210824 10:49:41 INFO: Call state: InCall:Connected
20210824 10:49:44 INFO: Received:Account: 1234 Event: 100 Zone: 000
20210824 10:49:48 INFO: Received:Account: 1234 Event: 606 Zone: 000
20210824 10:49:50 INFO: Contact id handler stopped
20210824 10:49:53 INFO: Sending text to speech: The unit id for the current device is 1234. Please record a message
20210824 10:49:53 INFO: Text To Speach stopped
20210824 10:51:47 INFO: ********* SipCallHandler application starting *********
20210824 10:51:47 INFO: OzekiService starting....
20210824 10:51:49 INFO: Registration succeeded - Online!
20210824 10:52:16 INFO: ********* SipCallHandler application starting *********
20210824 10:52:16 INFO: OzekiService starting....
20210824 10:52:18 INFO: Registration succeeded - Online!
20210824 10:52:41 INFO: Incoming call from  <Sip:17778668026@192.168.1.197:5001>. Caller Id: 100
20210824 10:52:41 INFO: Call state: Answered:Connected
20210824 10:52:41 INFO: Contact id handler started
20210824 10:52:41 INFO: Call state: InCall:Connected
20210824 10:52:45 INFO: Received:Account: 1234 Event: 100 Zone: 000
20210824 10:52:48 INFO: Received:Account: 1234 Event: 606 Zone: 000
20210824 10:52:50 INFO: Contact id handler stopped
20210824 10:52:53 INFO: Sending text to speech: The unit id for the current device is 1234. Please record a message
20210824 10:52:53 INFO: Text To Speach stopped
20210824 10:53:21 INFO: ********* SipCallHandler application starting *********
20210824 10:53:21 INFO: OzekiService starting....
20210824 10:53:23 INFO: Registration succeeded - Online!
20210824 10:53:50 INFO: Incoming call from  <Sip:17778668026@192.168.1.197:5001>. Caller Id: 100
20210824 10:53:50 INFO: Call state: Answered:Connected
20210824 10:53:50 INFO: Contact id handler started
20210824 10:53:50 INFO: Call state: InCall:Connected
20210824 10:53:54 INFO: Received:Account: 1234 Event: 100 Zone: 000
20210824 10:53:57 INFO: Received:Account: 1234 Event: 606 Zone: 000
20210824 10:53:59 INFO: Contact id handler stopped
20210824 10:54:02 INFO: Sending text to speech: The unit id for the current device is 1234. Please record a message
20210824 10:54:02 INFO: Text To Speach stopped
20210824 10:54:03 INFO: Recording to 1234.wav
20210824 10:54:12 INFO: Playing wave file 1234.wav
20210824 10:54:13 INFO: Stopping wave player
20210824 10:54:13 INFO: Call state: Completed:Hung up
20210824 10:54:13 INFO: Call 100 ended.
20210824 10:57:08 INFO: ********* SipCallHandler application starting *********
20210824 10:57:08 INFO: OzekiService starting....
20210824 10:57:10 INFO: ********* SipCallHandler application stopping *********
20210824 10:57:10 INFO: OzekiService stopping....
20210824 10:57:10 INFO: Failed to register phone line. ERROR: Thread was being aborted.
20210824 10:57:40 INFO: ********* SipCallHandler application starting *********
20210824 10:57:40 INFO: OzekiService starting....
20210824 10:57:42 INFO: Registration succeeded - Online!
20210824 10:57:55 INFO: Incoming call from  <Sip:17778668026@192.168.1.197:5001>. Caller Id: 100
20210824 10:57:55 INFO: Call state: Answered:Connected
20210824 10:57:55 INFO: Contact id handler started
20210824 10:57:55 INFO: Call state: InCall:Connected
20210824 10:57:58 INFO: Received:Account: 1234 Event: 100 Zone: 000
20210824 10:58:02 INFO: Received:Account: 1234 Event: 606 Zone: 000
20210824 10:58:04 INFO: Contact id handler stopped
20210824 10:58:08 INFO: Sending text to speech: The unit id for the current device is 1234. Please record a message
20210824 10:58:08 INFO: Text To Speach stopped
20210824 10:58:09 INFO: Recording to 1234_20210824105809.wav
20210824 10:58:19 INFO: Playing wave file 1234_20210824105809.wav
20210824 10:58:20 INFO: Stopping wave player
20210824 10:58:20 INFO: Call state: Completed:Hung up
20210824 10:58:20 INFO: Call 100 ended.
20210824 10:59:33 INFO: ********* SipCallHandler application starting *********
20210824 10:59:33 INFO: OzekiService starting....
20210824 10:59:35 INFO: Registration succeeded - Online!
20210824 10:59:57 INFO: Incoming call from  <Sip:17778668026@192.168.1.197:5001>. Caller Id: 100
20210824 10:59:57 INFO: Call state: Answered:Connected
20210824 10:59:57 INFO: Contact id handler started
20210824 10:59:57 INFO: Call state: InCall:Connected
20210824 11:00:00 INFO: Received:Account: 1234 Event: 100 Zone: 000
20210824 11:00:04 INFO: Received:Account: 1234 Event: 606 Zone: 000
20210824 11:00:06 INFO: Contact id handler stopped
20210824 11:00:10 INFO: Sending text to speech: The unit id for the current device is 1234. Please record a message
20210824 11:00:10 INFO: Text To Speach stopped
20210824 11:00:11 INFO: Recording to 1234_20210824110011.wav
20210824 11:00:21 INFO: Playing wave file 1234_20210824110011.wav
20210824 11:00:22 INFO: Stopping wave player
20210824 11:00:22 INFO: Call state: Completed:Hung up
20210824 11:00:22 INFO: Call 100 ended.
20210824 11:00:37 INFO: ********* SipCallHandler application starting *********
20210824 11:00:37 INFO: OzekiService starting....
20210824 11:00:39 INFO: Registration succeeded - Online!
20210824 11:01:01 INFO: Incoming call from  <Sip:17778668026@192.168.1.197:5001>. Caller Id: 100
20210824 11:01:01 INFO: Call state: Answered:Connected
20210824 11:01:01 INFO: Contact id handler started
20210824 11:01:01 INFO: Call state: InCall:Connected
20210824 11:01:04 INFO: Received:Account: 1234 Event: 100 Zone: 000
20210824 11:01:08 INFO: Received:Account: 1234 Event: 606 Zone: 000
20210824 11:01:10 INFO: Contact id handler stopped
20210824 11:01:14 INFO: Sending text to speech: The unit id for the current device is 1234. Please record a message
20210824 11:01:14 INFO: Text To Speach stopped
20210824 11:01:15 INFO: Recording to 1234_20210824110115.wav
20210824 11:01:24 INFO: Call state: Completed:Hung up
20210824 11:01:24 INFO: Call 100 ended.
20210824 11:01:25 INFO: Playing wave file 1234_20210824110115.wav
20210824 11:01:26 INFO: Stopping wave player
20210824 11:02:25 INFO: ********* SipCallHandler application starting *********
20210824 11:02:25 INFO: OzekiService starting....
20210824 11:02:26 INFO: Registration succeeded - Online!
20210824 11:02:28 INFO: Incoming call from  <Sip:17778668026@192.168.1.197:5001>. Caller Id: 100
20210824 11:02:29 INFO: Call state: Answered:Connected
20210824 11:02:29 INFO: Contact id handler started
20210824 11:02:29 INFO: Call state: InCall:Connected
20210824 11:02:30 INFO: Call state: Completed:Hung up
20210824 11:02:30 INFO: Call 100 ended.
20210824 11:02:36 INFO: ********* SipCallHandler application stopping *********
20210824 11:02:36 INFO: OzekiService stopping....
20210824 11:02:40 INFO: ********* SipCallHandler application starting *********
20210824 11:02:40 INFO: OzekiService starting....
20210824 11:02:42 INFO: Registration succeeded - Online!
20210824 11:03:04 INFO: Incoming call from  <Sip:17778668026@192.168.1.197:5001>. Caller Id: 100
20210824 11:03:04 INFO: Call state: Answered:Connected
20210824 11:03:04 INFO: Contact id handler started
20210824 11:03:04 INFO: Call state: InCall:Connected
20210824 11:03:07 INFO: Received:Account: 1234 Event: 100 Zone: 000
20210824 11:03:11 INFO: Received:Account: 1234 Event: 606 Zone: 000
20210824 11:03:13 INFO: Contact id handler stopped
20210824 11:03:17 INFO: Sending text to speech: The unit id for the current device is 1234. Please record a message
20210824 11:03:17 INFO: Text To Speach stopped
20210824 11:03:18 INFO: Recording to 1234_20210824110318.wav
20210824 11:03:28 INFO: Playing wave file 1234_20210824110318.wav
20210824 11:03:29 INFO: Stopping wave player
20210824 11:03:29 INFO: Call state: Completed:Hung up
20210824 11:03:29 INFO: Call 100 ended.
